Copyright 1986-2017 Xilinx, Inc. All Rights Reserved.
------------------------------------------------------------------------------------
| Tool Version : Vivado v.2017.4 (win64) Build 2086221 Fri Dec 15 20:55:39 MST 2017
| Date         : Wed Mar  7 08:23:34 2018
| Host         : AKUL running 64-bit major release  (build 9200)
| Command      : report_control_sets -verbose -file ram_rw_control_sets_placed.rpt
| Design       : ram_rw
| Device       : xc7a35t
------------------------------------------------------------------------------------

Control Set Information

Table of Contents
-----------------
1. Summary
2. Flip-Flop Distribution
3. Detailed Control Set Information

1. Summary
----------

+----------------------------------------------------------+-------+
|                          Status                          | Count |
+----------------------------------------------------------+-------+
| Number of unique control sets                            |     2 |
| Unused register locations in slices containing registers |     5 |
+----------------------------------------------------------+-------+


2. Flip-Flop Distribution
-------------------------

+--------------+-----------------------+------------------------+-----------------+--------------+
| Clock Enable | Synchronous Set/Reset | Asynchronous Set/Reset | Total Registers | Total Slices |
+--------------+-----------------------+------------------------+-----------------+--------------+
| No           | No                    | No                     |               3 |            2 |
| No           | No                    | Yes                    |               0 |            0 |
| No           | Yes                   | No                     |               0 |            0 |
| Yes          | No                    | No                     |               0 |            0 |
| Yes          | No                    | Yes                    |               0 |            0 |
| Yes          | Yes                   | No                     |               0 |            0 |
+--------------+-----------------------+------------------------+-----------------+--------------+


3. Detailed Control Set Information
-----------------------------------

+----------------+---------------+------------------+------------------+----------------+
|  Clock Signal  | Enable Signal | Set/Reset Signal | Slice Load Count | Bel Load Count |
+----------------+---------------+------------------+------------------+----------------+
|  Clk_IBUF_BUFG |               |                  |                2 |              3 |
|  Clk_IBUF_BUFG | we_IBUF       |                  |                2 |             16 |
+----------------+---------------+------------------+------------------+----------------+


+--------+-----------------------+
| Fanout | Number of ControlSets |
+--------+-----------------------+
| 3      |                     1 |
| 16+    |                     1 |
+--------+-----------------------+


