Exception at PC 0x00007FFA30C54008
Exception at PC 0x00007FFA30C54008
Exception at PC 0x00007FFA30C54008
Exception at PC 0x00007FFA30C54008
Exception at PC 0x00007FF9F8CDE132
Attemped to write at address 0x00007FFA05734AA4
Printing stacktrace...

[0]  [0x00007FF9F8CDE132]
[1]  [0x00007FF9F8CDE132]
[2]  [0x00007FF9F8CDE194]
[3]  [0x00007FF9F892D0D7]
[4]  [0x00007FF9F8812BCA]
[5]  [0x00007FF9F8812FD1]
[6]  [0x00007FF9F8CDEB2F]
[7]  [0x00007FF9F8B9C19D]
[8]  [0x00007FF9F8B95942]
[9]  [0x00007FF9F8B95AB5]
[10] (RtlDeactivateActivationContextUnsafeFast+0x1b3) [0x00007FFA33F11493]
[11] (LdrShutdownProcess+0x125) [0x00007FFA33F406B5]
[12] (RtlExitUserProcess+0xb4) [0x00007FFA33F40574]
[13] (ExitProcess+0xa) [0x00007FFA316EF06A]
[14] (exit+0x75) [0x00007FFA33E69B25]
[15] (initterm_e+0x21d) [0x00007FFA33E6A16D]
[16]  [0x00000000004014CD]
[17]  [0x000000000040151B]
[18] (BaseThreadInitThunk+0x14) [0x00007FFA316F1FE4]
[19] (RtlUserThreadStart+0x21) [0x00007FFA33F6EFC1]
Done
