Copyright 1986-2017 Xilinx, Inc. All Rights Reserved.
------------------------------------------------------------------------------------------------------------------------------------
| Tool Version : Vivado v.2017.4 (win64) Build 2086221 Fri Dec 15 20:55:39 MST 2017
| Date         : Fri Mar  9 21:07:11 2018
| Host         : AKUL running 64-bit major release  (build 9200)
| Command      : report_drc -file mode_8num_8bit_drc_routed.rpt -pb mode_8num_8bit_drc_routed.pb -rpx mode_8num_8bit_drc_routed.rpx
| Design       : mode_8num_8bit
| Device       : xc7a35tcpg236-1
| Speed File   : -1
| Design State : Routed
------------------------------------------------------------------------------------------------------------------------------------

Report DRC

Table of Contents
-----------------
1. REPORT SUMMARY
2. REPORT DETAILS

1. REPORT SUMMARY
-----------------
            Netlist: netlist
          Floorplan: design_1
      Design limits: <entire design considered>
           Ruledeck: default
             Max violations: <unlimited>
             Violations found: 9
+----------+----------+-----------------------------------------------------+------------+
| Rule     | Severity | Description                                         | Violations |
+----------+----------+-----------------------------------------------------+------------+
| CFGBVS-1 | Warning  | Missing CFGBVS and CONFIG_VOLTAGE Design Properties | 1          |
| IOSR-1   | Warning  | IOB set reset sharing                               | 8          |
+----------+----------+-----------------------------------------------------+------------+

2. REPORT DETAILS
-----------------
CFGBVS-1#1 Warning
Missing CFGBVS and CONFIG_VOLTAGE Design Properties  
Neither the CFGBVS nor CONFIG_VOLTAGE voltage property is set in the current_design.  Configuration bank voltage select (CFGBVS) must be set to VCCO or GND, and CONFIG_VOLTAGE must be set to the correct configuration voltage, in order to determine the I/O voltage support for the pins in bank 0.  It is suggested to specify these either using the 'Edit Device Properties' function in the GUI or directly in the XDC file using the following syntax:

 set_property CFGBVS value1 [current_design]
 #where value1 is either VCCO or GND

 set_property CONFIG_VOLTAGE value2 [current_design]
 #where value2 is the voltage provided to configuration bank 0

Refer to the device configuration user guide for more information.
Related violations: <none>

IOSR-1#1 Warning
IOB set reset sharing  
IO data_in[0] connects to flops which have these ram1_1[2][7]_i_1_n_0, ram1_1[5][7]_i_1_n_0, ram1_1[4][7]_i_1_n_0, ram1_1[0][7]_i_1_n_0, ram1_1[7][7]_i_1_n_0, ram1_1[6][7]_i_1_n_0, ram1_1[3][7]_i_1_n_0, ram1_1[1][7]_i_1_n_0 set/reset signals.  For optimal IOB flop packing there should be only one set/reset signal coming into the IOB.
Related violations: <none>

IOSR-1#2 Warning
IOB set reset sharing  
IO data_in[1] connects to flops which have these ram1_1[2][7]_i_1_n_0, ram1_1[5][7]_i_1_n_0, ram1_1[4][7]_i_1_n_0, ram1_1[0][7]_i_1_n_0, ram1_1[7][7]_i_1_n_0, ram1_1[6][7]_i_1_n_0, ram1_1[3][7]_i_1_n_0, ram1_1[1][7]_i_1_n_0 set/reset signals.  For optimal IOB flop packing there should be only one set/reset signal coming into the IOB.
Related violations: <none>

IOSR-1#3 Warning
IOB set reset sharing  
IO data_in[2] connects to flops which have these ram1_1[2][7]_i_1_n_0, ram1_1[5][7]_i_1_n_0, ram1_1[4][7]_i_1_n_0, ram1_1[0][7]_i_1_n_0, ram1_1[7][7]_i_1_n_0, ram1_1[6][7]_i_1_n_0, ram1_1[3][7]_i_1_n_0, ram1_1[1][7]_i_1_n_0 set/reset signals.  For optimal IOB flop packing there should be only one set/reset signal coming into the IOB.
Related violations: <none>

IOSR-1#4 Warning
IOB set reset sharing  
IO data_in[3] connects to flops which have these ram1_1[2][7]_i_1_n_0, ram1_1[5][7]_i_1_n_0, ram1_1[4][7]_i_1_n_0, ram1_1[0][7]_i_1_n_0, ram1_1[7][7]_i_1_n_0, ram1_1[6][7]_i_1_n_0, ram1_1[3][7]_i_1_n_0, ram1_1[1][7]_i_1_n_0 set/reset signals.  For optimal IOB flop packing there should be only one set/reset signal coming into the IOB.
Related violations: <none>

IOSR-1#5 Warning
IOB set reset sharing  
IO data_in[4] connects to flops which have these ram1_1[2][7]_i_1_n_0, ram1_1[5][7]_i_1_n_0, ram1_1[4][7]_i_1_n_0, ram1_1[0][7]_i_1_n_0, ram1_1[7][7]_i_1_n_0, ram1_1[6][7]_i_1_n_0, ram1_1[3][7]_i_1_n_0, ram1_1[1][7]_i_1_n_0 set/reset signals.  For optimal IOB flop packing there should be only one set/reset signal coming into the IOB.
Related violations: <none>

IOSR-1#6 Warning
IOB set reset sharing  
IO data_in[5] connects to flops which have these ram1_1[2][7]_i_1_n_0, ram1_1[5][7]_i_1_n_0, ram1_1[4][7]_i_1_n_0, ram1_1[0][7]_i_1_n_0, ram1_1[7][7]_i_1_n_0, ram1_1[6][7]_i_1_n_0, ram1_1[3][7]_i_1_n_0, ram1_1[1][7]_i_1_n_0 set/reset signals.  For optimal IOB flop packing there should be only one set/reset signal coming into the IOB.
Related violations: <none>

IOSR-1#7 Warning
IOB set reset sharing  
IO data_in[6] connects to flops which have these ram1_1[2][7]_i_1_n_0, ram1_1[5][7]_i_1_n_0, ram1_1[4][7]_i_1_n_0, ram1_1[0][7]_i_1_n_0, ram1_1[7][7]_i_1_n_0, ram1_1[6][7]_i_1_n_0, ram1_1[3][7]_i_1_n_0, ram1_1[1][7]_i_1_n_0 set/reset signals.  For optimal IOB flop packing there should be only one set/reset signal coming into the IOB.
Related violations: <none>

IOSR-1#8 Warning
IOB set reset sharing  
IO data_in[7] connects to flops which have these ram1_1[2][7]_i_1_n_0, ram1_1[5][7]_i_1_n_0, ram1_1[4][7]_i_1_n_0, ram1_1[0][7]_i_1_n_0, ram1_1[7][7]_i_1_n_0, ram1_1[6][7]_i_1_n_0, ram1_1[3][7]_i_1_n_0, ram1_1[1][7]_i_1_n_0 set/reset signals.  For optimal IOB flop packing there should be only one set/reset signal coming into the IOB.
Related violations: <none>


